This is pdfTeX, Version 3.1415926-1.40.10 (TeX Live 2009) (format=pdflatex 2009.12.15)  7 DEC 2012 01:42
entering extended mode
 \write18 enabled.
 %&-line parsing enabled.
**lr_main.tex
(./lr_main.tex
LaTeX2e <2009/09/24>
Babel <v3.8l> and hyphenation patterns for english, usenglishmax, dumylang, noh
yphenation, german-x-2009-06-19, ngerman-x-2009-06-19, ancientgreek, ibycus, ar
abic, basque, bulgarian, catalan, pinyin, coptic, croatian, czech, danish, dutc
h, esperanto, estonian, farsi, finnish, french, galician, german, ngerman, mono
greek, greek, hungarian, icelandic, indonesian, interlingua, irish, italian, ku
rmanji, latin, latvian, lithuanian, mongolian, mongolian2a, bokmal, nynorsk, po
lish, portuguese, romanian, russian, sanskrit, serbian, slovak, slovenian, span
ish, swedish, turkish, ukenglish, ukrainian, uppersorbian, welsh, loaded.
(./iosart2c.cls
Document Class: iosart2c 2010/10/28 v1.0, IOS Press
(/usr/local/texlive/2009/texmf-dist/tex/latex/base/fleqn.clo
File: fleqn.clo 1998/08/17 v1.1c Standard LaTeX option (flush left equations)
\mathindent=\dimen102
)
Ten point
\c@section=\count79
\c@subsection=\count80
\c@subsubsection=\count81
\c@paragraph=\count82
\c@subparagraph=\count83
\c@figure=\count84
\c@table=\count85
\abovecaptionskip=\skip41
\belowcaptionskip=\skip42
\tablewidth=\dimen103
\saved@tablewidth=\dimen104
\c@algorithm=\count86
\t@glob@notes=\toks14
\t@loc@notes=\toks15
\note@cnt=\count87
\c@author=\count88
\n@author=\count89
\c@address=\count90
\sv@mathsurround=\dimen105
\sv@hyphenpenalty=\count91
\prev@elem=\count92
\cur@elem=\count93
\fm@box=\box26
\fm@size=\dimen106
\t@abstract=\box27
\t@keywords=\box28
\a@title@skip=\dimen107
\b@section@skip=\skip43
\b@pretitle@skip=\skip44
\t@xtheight=\dimen108
\c@titlefootnote=\count94
\@@topskip=\dimen109
\b@author@skip=\dimen110
\dp@t@keywords=\dimen111
\@pubyear=\count95
\@copyear=\count96
(./flushend.sty
Package: flushend 2002/12/13
\@aaa=\box29
\@ccc=\box30
\lastskip@a=\skip45
\lastskip@b=\skip46
\lastskip@d=\skip47
\lastbox@a=\box31
\@viper=\box32
\hold@viper=\box33
\atColsBreak=\toks16
\@extra@skip=\dimen112
\@nd@page@rule=\dimen113
))
(/usr/local/texlive/2009/texmf-dist/tex/latex/listings/listings.sty
(/usr/local/texlive/2009/texmf-dist/tex/latex/graphics/keyval.sty
Package: keyval 1999/03/16 v1.13 key=value parser (DPC)
\KV@toks@=\toks17
)
\lst@mode=\count97
\lst@gtempboxa=\box34
\lst@token=\toks18
\lst@length=\count98
\lst@currlwidth=\dimen114
\lst@column=\count99
\lst@pos=\count100
\lst@lostspace=\dimen115
\lst@width=\dimen116
\lst@newlines=\count101
\lst@lineno=\count102
\lst@maxwidth=\dimen117

(/usr/local/texlive/2009/texmf-dist/tex/latex/listings/lstmisc.sty
File: lstmisc.sty 2007/02/22 1.4 (Carsten Heinz)
\c@lstnumber=\count103
\lst@skipnumbers=\count104
\lst@framebox=\box35
)
(/usr/local/texlive/2009/texmf-dist/tex/latex/listings/listings.cfg
File: listings.cfg 2007/02/22 1.4 listings configuration
))
Package: listings 2007/02/22 1.4 (Carsten Heinz)

(/usr/local/texlive/2009/texmf-dist/tex/latex/base/fontenc.sty
Package: fontenc 2005/09/27 v1.99g Standard LaTeX package

(/usr/local/texlive/2009/texmf-dist/tex/latex/base/t1enc.def
File: t1enc.def 2005/09/27 v1.99g Standard LaTeX file
LaTeX Font Info:    Redeclaring font encoding T1 on input line 43.
))
(/usr/local/texlive/2009/texmf-dist/tex/latex/psnfss/times.sty
Package: times 2005/04/12 PSNFSS-v9.2a (SPQR) 
)
(/usr/local/texlive/2009/texmf-dist/tex/latex/natbib/natbib.sty
Package: natbib 2009/07/16 8.31 (PWD, AO)
\bibhang=\skip48
\bibsep=\skip49
LaTeX Info: Redefining \cite on input line 694.
\c@NAT@ctr=\count105
)
(/usr/local/texlive/2009/texmf-dist/tex/latex/amsmath/amsmath.sty
Package: amsmath 2000/07/18 v2.13 AMS math features
\@mathmargin=\skip50

For additional information on amsmath, use the `?' option.
(/usr/local/texlive/2009/texmf-dist/tex/latex/amsmath/amstext.sty
Package: amstext 2000/06/29 v2.01

(/usr/local/texlive/2009/texmf-dist/tex/latex/amsmath/amsgen.sty
File: amsgen.sty 1999/11/30 v2.0
\@emptytoks=\toks19
\ex@=\dimen118
))
(/usr/local/texlive/2009/texmf-dist/tex/latex/amsmath/amsbsy.sty
Package: amsbsy 1999/11/29 v1.2d
\pmbraise@=\dimen119
)
(/usr/local/texlive/2009/texmf-dist/tex/latex/amsmath/amsopn.sty
Package: amsopn 1999/12/14 v2.01 operator names
)
\inf@bad=\count106
LaTeX Info: Redefining \frac on input line 211.
\uproot@=\count107
\leftroot@=\count108
LaTeX Info: Redefining \overline on input line 307.
\classnum@=\count109
\DOTSCASE@=\count110
LaTeX Info: Redefining \ldots on input line 379.
LaTeX Info: Redefining \dots on input line 382.
LaTeX Info: Redefining \cdots on input line 467.
\Mathstrutbox@=\box36
\strutbox@=\box37
\big@size=\dimen120
LaTeX Font Info:    Redeclaring font encoding OML on input line 567.
LaTeX Font Info:    Redeclaring font encoding OMS on input line 568.
\macc@depth=\count111
\c@MaxMatrixCols=\count112
\dotsspace@=\muskip10
\c@parentequation=\count113
\dspbrk@lvl=\count114
\tag@help=\toks20
\row@=\count115
\column@=\count116
\maxfields@=\count117
\andhelp@=\toks21
\eqnshift@=\dimen121
\alignsep@=\dimen122
\tagshift@=\dimen123
\tagwidth@=\dimen124
\totwidth@=\dimen125
\lineht@=\dimen126
\@envbody=\toks22
\multlinegap=\skip51
\multlinetaggap=\skip52
\mathdisplay@stack=\toks23
LaTeX Info: Redefining \[ on input line 2666.
LaTeX Info: Redefining \] on input line 2667.
)
(/usr/local/texlive/2009/texmf-dist/tex/latex/tools/dcolumn.sty
Package: dcolumn 2001/05/28 v1.06 decimal alignment package (DPC)

(/usr/local/texlive/2009/texmf-dist/tex/latex/tools/array.sty
Package: array 2008/09/09 v2.4c Tabular extension package (FMi)
\col@sep=\dimen127
\extrarowheight=\dimen128
\NC@list=\toks24
\extratabsurround=\skip53
\backup@length=\skip54
))
(/usr/local/texlive/2009/texmf-dist/tex/latex/graphics/graphics.sty
Package: graphics 2009/02/05 v1.0o Standard LaTeX Graphics (DPC,SPQR)

(/usr/local/texlive/2009/texmf-dist/tex/latex/graphics/trig.sty
Package: trig 1999/03/16 v1.09 sin cos tan (DPC)
)
(/usr/local/texlive/2009/texmf-dist/tex/latex/latexconfig/graphics.cfg
File: graphics.cfg 2009/08/28 v1.8 graphics configuration of TeX Live
)
Package graphics Info: Driver file: pdftex.def on input line 91.

(/usr/local/texlive/2009/texmf-dist/tex/latex/pdftex-def/pdftex.def
File: pdftex.def 2009/08/25 v0.04m Graphics/color for pdfTeX
\Gread@gobject=\count118
))
(/usr/local/texlive/2009/texmf-dist/tex/latex/graphics/graphicx.sty
Package: graphicx 1999/02/16 v1.0f Enhanced LaTeX Graphics (DPC,SPQR)
\Gin@req@height=\dimen129
\Gin@req@width=\dimen130
)
(/usr/local/texlive/2009/texmf-dist/tex/latex/ltxmisc/url.sty
\Urlmuskip=\muskip11
Package: url 2006/04/12  ver 3.3  Verb mode for urls, etc.
)
(/usr/local/texlive/2009/texmf-dist/tex/latex/float/float.sty
Package: float 2001/11/08 v1.3d Float enhancements (AL)
\c@float@type=\count119
\float@exts=\toks25
\float@box=\box38
\@float@everytoks=\toks26
\@floatcapt=\box39
) (./lr_main.aux

LaTeX Warning: Label `t1' multiply defined.


LaTeX Warning: Label `t1' multiply defined.


LaTeX Warning: Label `t1' multiply defined.


LaTeX Warning: Label `t1' multiply defined.

)
\openout1 = `lr_main.aux'.

LaTeX Font Info:    Checking defaults for OML/cmm/m/it on input line 34.
LaTeX Font Info:    ... okay on input line 34.
LaTeX Font Info:    Checking defaults for T1/cmr/m/n on input line 34.
LaTeX Font Info:    ... okay on input line 34.
LaTeX Font Info:    Checking defaults for OT1/cmr/m/n on input line 34.
LaTeX Font Info:    ... okay on input line 34.
LaTeX Font Info:    Checking defaults for OMS/cmsy/m/n on input line 34.
LaTeX Font Info:    ... okay on input line 34.
LaTeX Font Info:    Checking defaults for OMX/cmex/m/n on input line 34.
LaTeX Font Info:    ... okay on input line 34.
LaTeX Font Info:    Checking defaults for U/cmr/m/n on input line 34.
LaTeX Font Info:    ... okay on input line 34.
LaTeX Font Info:    Try loading font information for T1+ptm on input line 34.
 (/usr/local/texlive/2009/texmf-dist/tex/latex/psnfss/t1ptm.fd
File: t1ptm.fd 2001/06/04 font definitions for T1/ptm.
)
\c@lstlisting=\count120

(/usr/local/texlive/2009/texmf-dist/tex/context/base/supp-pdf.mkii
[Loading MPS to PDF converter (version 2006.09.02).]
\scratchcounter=\count121
\scratchdimen=\dimen131
\scratchbox=\box40
\nofMPsegments=\count122
\nofMParguments=\count123
\everyMPshowfont=\toks27
\MPscratchCnt=\count124
\MPscratchDim=\dimen132
\MPnumerator=\count125
\everyMPtoPDFconversion=\toks28
)
\c@sv@footnote=\count126
\c@sv@footnote=\count127
 (./lr_introduction.tex)
LaTeX Font Info:    Try loading font information for OMS+ptm on input line 80.

(/usr/local/texlive/2009/texmf-dist/tex/latex/psnfss/omsptm.fd
File: omsptm.fd 
)
LaTeX Font Info:    Font shape `OMS/ptm/m/n' in size <8> not available
(Font)              Font shape `OMS/cmsy/m/n' tried instead on input line 80.
 [1{/usr/local/texlive/2009/texmf-var/fonts/map/pdftex/updmap/pdftex.map}

] (./lr_semweb.tex
Underfull \hbox (badness 832) in paragraph at lines 9--10
[]\T1/ptm/m/n/10 Following these rules, the Re-source De-scrip-tion
 []

) (./lr_llod.tex <llod.png, id=12, 708.6475pt x 532.99126pt>
File: llod.png Graphic file (type png)
 <use llod.png>
LaTeX Font Info:    Try loading font information for T1+pcr on input line 6.

(/usr/local/texlive/2009/texmf-dist/tex/latex/psnfss/t1pcr.fd
File: t1pcr.fd 2001/06/04 font definitions for T1/pcr.
))
(./lr_querying.tex (./query_2) [2] [3 <./llod.png (PNG copy)>]
Underfull \hbox (badness 1412) in paragraph at lines 41--41
[]$[]$[]\T1/ptm/m/n/8 A full list can be found here: $\T1/pcr/m/n/8 http : / / 
www . sil . org /
 []


Underfull \hbox (badness 958) in paragraph at lines 45--46
[]\T1/ptm/m/n/10 As is clear, there are sev-eral databases al-ready
 []


Underfull \hbox (badness 1527) in paragraph at lines 45--46
\T1/ptm/m/n/10 ODIN, a database of lan-guage cor-pora au-to-mat-i-
 []

(./query_1)
Overfull \hbox (1.3254pt too wide) in paragraph at lines 88--88
[]|\T1/ptm/m/n/8 label| 
 []


Overfull \hbox (5.3255pt too wide) in paragraph at lines 89--89
[]|\T1/ptm/m/n/8 Chrau| 
 []


Overfull \hbox (3.77364pt too wide) in paragraph at lines 89--89
[]|\T1/ptm/m/n/8 10.75| 
 []


Overfull \hbox (3.77364pt too wide) in paragraph at lines 89--89
[]|\T1/ptm/m/n/8 107.5| 
 []


Overfull \hbox (5.3255pt too wide) in paragraph at lines 90--90
[]|\T1/ptm/m/n/8 Chrau| 
 []


Overfull \hbox (3.77364pt too wide) in paragraph at lines 90--90
[]|\T1/ptm/m/n/8 10.75| 
 []


Overfull \hbox (3.77364pt too wide) in paragraph at lines 90--90
[]|\T1/ptm/m/n/8 107.5| 
 []


Overfull \hbox (5.3255pt too wide) in paragraph at lines 91--91
[]|\T1/ptm/m/n/8 Chrau| 
 []


Overfull \hbox (3.77364pt too wide) in paragraph at lines 91--91
[]|\T1/ptm/m/n/8 10.75| 
 []


Overfull \hbox (3.77364pt too wide) in paragraph at lines 91--91
[]|\T1/ptm/m/n/8 107.5| 
 []


Overfull \hbox (5.3255pt too wide) in paragraph at lines 92--92
[]|\T1/ptm/m/n/8 Chrau| 
 []


Underfull \hbox (badness 1616) in paragraph at lines 92--92
\T1/ptm/m/n/8 de-notes 'fin-ger' (or, very rarely,
 []


Overfull \hbox (3.77364pt too wide) in paragraph at lines 92--92
[]|\T1/ptm/m/n/8 10.75| 
 []


Overfull \hbox (3.77364pt too wide) in paragraph at lines 92--92
[]|\T1/ptm/m/n/8 107.5| 
 []


Overfull \hbox (5.3255pt too wide) in paragraph at lines 93--93
[]|\T1/ptm/m/n/8 Chrau| 
 []


Overfull \hbox (3.77364pt too wide) in paragraph at lines 93--93
[]|\T1/ptm/m/n/8 10.75| 
 []


Overfull \hbox (3.77364pt too wide) in paragraph at lines 93--93
[]|\T1/ptm/m/n/8 107.5| 
 []

) (./lr_conclusions.tex) (./lr_main.bbl)
Extra height:0.0pt when 570.47974pt
(2)Left:570.47974pt Right:572.11453pt Output:570.47974pt
(2)Left:572.11453pt Right:572.11453pt Output:572.11453pt
- LAST -
Extra skip:0.0pt
Left:572.11453pt
Right:572.11453pt
Output:572.11453pt
 [4] [5] [6] (./lr_main.aux)

LaTeX Warning: There were multiply-defined labels.

 ) 
Here is how much of TeX's memory you used:
 3838 strings out of 493848
 48983 string characters out of 3149206
 150775 words of memory out of 3000000
 7055 multiletter control sequences out of 15000+200000
 43282 words of font info for 67 fonts, out of 3000000 for 9000
 714 hyphenation exceptions out of 8191
 27i,15n,32p,1405b,1120s stack positions out of 5000i,500n,10000p,200000b,50000s
{/usr/local/texlive/2009/texmf-dist/fonts/enc/dvips/base/8r.enc}</usr/local/t
exlive/2009/texmf-dist/fonts/type1/public/amsfonts/cm/cmmi8.pfb></usr/local/tex
live/2009/texmf-dist/fonts/type1/public/amsfonts/cm/cmr7.pfb></usr/local/texliv
e/2009/texmf-dist/fonts/type1/public/amsfonts/cm/cmr8.pfb></usr/local/texlive/2
009/texmf-dist/fonts/type1/public/amsfonts/cm/cmsy8.pfb></usr/local/texlive/200
9/texmf-dist/fonts/type1/urw/courier/ucrr8a.pfb></usr/local/texlive/2009/texmf-
dist/fonts/type1/urw/times/utmb8a.pfb></usr/local/texlive/2009/texmf-dist/fonts
/type1/urw/times/utmr8a.pfb></usr/local/texlive/2009/texmf-dist/fonts/type1/urw
/times/utmri8a.pfb>
Output written on lr_main.pdf (6 pages, 361741 bytes).
PDF statistics:
 55 PDF objects out of 1000 (max. 8388607)
 0 named destinations out of 1000 (max. 500000)
 6 words of extra memory for PDF output out of 10000 (max. 10000000)

